
$ [32mgit clone git@localhost:geeknightrecife/geeknightrecife.github.io .[0m
Cloning into '.'...
Warning: Permanently added 'localhost' (RSA) to the list of known hosts.
Command [32mgit clone git@localhost:geeknightrecife/geeknightrecife.github.io .[0m exited successfully with status 0. Took 1.76 seconds.$ [32mgit checkout source[0m
Switched to a new branch 'source'
Branch source set up to track remote branch source from origin.
Command [32mgit checkout source[0m exited successfully with status 0. Took 0.06686 seconds.$ [32mgit reset --hard ff9ab899c55ff12c8cd67cf3dddec1cbdf8b9759[0m
HEAD is now at ff9ab89 Update gems (bundle update)
Command [32mgit reset --hard ff9ab899c55ff12c8cd67cf3dddec1cbdf8b9759[0m exited successfully with status 0. Took 0.04428 seconds.$ [32mgit submodule update --init --recursive[0m
Command [32mgit submodule update --init --recursive[0m exited successfully with status 0. Took 0.04519 seconds.$ export SNAP_CI=true
$ export CI=true
$ export SNAP_CACHE_DIR=/var/go
$ export LANG=en_US.UTF-8
$ export LC_ALL=en_US.UTF-8
$ export SNAP_WORKING_DIR=/var/snap-ci/repo
$ export SNAP_PIPELINE_COUNTER=348
$ export SNAP_STAGE_NAME=Dependencies
$ export SNAP_BRANCH=source
$ export SNAP_COMMIT=ff9ab899c55ff12c8cd67cf3dddec1cbdf8b9759
$ export SNAP_COMMIT_SHORT=ff9ab89
$ export SNAP_TRACKING_PIPELINE=true
$ export SNAP_INTEGRATION_PIPELINE=false

$ [32mrbenv update > /dev/null[0m
Command [32mrbenv update > /dev/null[0m exited successfully with status 0. Took 6.87 seconds.$ [32mrbenv download 2.2.0 && rbenv use 2.2.0 && rbenv rehash[0m
Download and extract ruby ruby-2.2.0
Ruby ruby-2.2.0 has been installed
Command [32mrbenv download 2.2.0 && rbenv use 2.2.0 && rbenv rehash[0m exited successfully with status 0. Took 8.53 seconds.$ [32mbundle install[0m
Fetching gem metadata from http://rubygems.org/........
Fetching version metadata from http://rubygems.org/...
Fetching dependency metadata from http://rubygems.org/..
Using i18n 0.7.0
Using json 1.8.3
Using RedCloth 4.2.9
Using thread_safe 0.3.5
Using addressable 2.3.8
Using execjs 2.6.0
Using buftok 0.2.0
Installing minitest 5.8.4
Using colorator 0.1
Using multi_json 1.11.2
Installing coffee-script-source 1.10.0
Installing rb-fsevent 0.9.7
Using ffi 1.9.10
Installing sass 3.4.21
Installing chunky_png 1.3.5
Using equalizer 0.0.10
Using multipart-post 2.0.0
Using gemoji 2.1.0
Using net-dns 0.8.0
Installing unf_ext 0.0.7.2 with native extensions
Installing public_suffix 1.5.3
Installing kramdown 1.9.0
Using mercenary 0.3.5
Using safe_yaml 1.0.4
Installing rouge 1.10.1
Installing jekyll-feed 0.4.0
Using jekyll-paginate 1.1.0
Installing liquid 3.0.6
Installing mini_portile2 2.0.0
Installing jekyll-sitemap 0.10.0
Using terminal-table 1.5.2
Using http-form_data 1.0.1
Using http_parser.rb 0.6.0
Using naught 1.1.0
Using simple_oauth 0.3.1
Using bundler 1.11.2
Installing rdiscount 2.1.8 with native extensions
Installing jekyll-textile-converter 0.1.0
Installing redcarpet 3.3.3 with native extensions
Using tzinfo 1.2.2
Using memoizable 0.4.2
Using coffee-script 2.4.1
Installing rb-inotify 0.9.7
Using compass-core 1.0.3
Using compass-import-once 1.0.5
Using jekyll-sass-converter 1.3.0
Installing ethon 0.8.1
Using sass-media_query_combiner 0.0.7
Installing autoprefixer-rails 6.3.3.1
Using unf 0.1.4
Installing faraday 0.9.2
Using jekyll-coffeescript 1.0.1
Installing listen 3.0.6
Using compass 1.0.3
Using typhoeus 0.8.0
Installing activesupport 4.2.5.1
Installing domain_name 0.5.20160216
Using koala 2.2.0
Installing jekyll-watch 1.3.1
Using http-cookie 1.0.2
Installing sawyer 0.6.0
Installing http 1.0.2
Installing jekyll 3.0.3
Installing octokit 4.2.0
Installing nokogiri 1.6.7.2 with native extensions
Installing jekyll-redirect-from 0.9.1
Installing jekyll-seo-tag 1.3.1
Installing twitter 5.16.0
Installing github-pages-health-check 1.0.1
Installing jekyll-gist 1.4.0
Installing html-pipeline 2.3.0
Installing jekyll-mentions 1.0.1
Installing jemoji 0.5.1
Installing github-pages 52
Bundle complete! 6 Gemfile dependencies, 74 gems now installed.
Bundled gems are installed into /var/go/.bundled-gems.
Post-install message from html-pipeline:
-------------------------------------------------
Thank you for installing html-pipeline!
You must bundle Filter gem dependencies.
See html-pipeline README.md for more details.
https://github.com/jch/html-pipeline#dependencies
-------------------------------------------------
Post-install message from github-pages:
---------------------------------------------------
Thank you for installing github-pages!
GitHub Pages recently upgraded to Jekyll 3.0, which 
includes some breaking changes. More information:
https://github.com/blog/2100-github-pages-jekyll-3
---------------------------------------------------
Command [32mbundle install[0m exited successfully with status 0. Took 1 minute 13.72 seconds.Saving console log for later
